--------------------------------------------------------------------------------
Release 14.1 Trace  (nt64)
Copyright (c) 1995-2012 Xilinx, Inc.  All rights reserved.

C:\software\electronica\xilinx\14.1\ISE_DS\ISE\bin\nt64\unwrapped\trce.exe -e 3
-xml system.twx system.ncd system.pcf

Design file:              system.ncd
Physical constraint file: system.pcf
Device,package,speed:     xc3s1000,ft256,-5 (PRODUCTION 1.39 2012-04-23)
Report level:             error report

Environment Variable      Effect 
--------------------      ------ 
NONE                      No environment variables were set
--------------------------------------------------------------------------------

INFO:Timing:2698 - No timing constraints found, doing default enumeration.
INFO:Timing:3412 - To improve timing, see the Timing Closure User Guide (UG612).
INFO:Timing:2752 - To get complete path coverage, use the unconstrained paths 
   option. All paths that are not constrained will be reported in the 
   unconstrained paths section(s) of the report.
INFO:Timing:3339 - The clock-to-out numbers in this timing report are based on 
   a 50 Ohm transmission line loading model.  For the details of this model, 
   and for more information on accounting for different loading conditions, 
   please see the device datasheet.
INFO:Timing:3390 - This architecture does not support a default System Jitter 
   value, please add SYSTEM_JITTER constraint to the UCF to modify the Clock 
   Uncertainty calculation.
INFO:Timing:3389 - This architecture does not support 'Discrete Jitter' and 
   'Phase Error' calculations, these terms will be zero in the Clock 
   Uncertainty calculation.  Please make appropriate modification to 
   SYSTEM_JITTER to account for the unsupported Discrete Jitter and Phase 
   Error.



Data Sheet report:
-----------------
All values displayed in nanoseconds (ns)

Setup/Hold to clock Clk_pin
------------+------------+------------+------------------+--------+
            |Max Setup to|Max Hold to |                  | Clock  |
Source      | clk (edge) | clk (edge) |Internal Clock(s) | Phase  |
------------+------------+------------+------------------+--------+
RX_pin      |    3.342(R)|   -1.221(R)|Clk_pin_BUFGP     |   0.000|
Rst_pin     |    3.336(R)|   -0.179(R)|Clk_pin_BUFGP     |   0.000|
------------+------------+------------+------------------+--------+

Clock Clk_pin to Pad
------------+------------+------------------+--------+
            | clk (edge) |                  | Clock  |
Destination |   to PAD   |Internal Clock(s) | Phase  |
------------+------------+------------------+--------+
TX_pin      |    6.523(R)|Clk_pin_BUFGP     |   0.000|
lcd_data<0> |   10.714(R)|Clk_pin_BUFGP     |   0.000|
lcd_data<1> |    9.824(R)|Clk_pin_BUFGP     |   0.000|
lcd_data<2> |   10.978(R)|Clk_pin_BUFGP     |   0.000|
lcd_data<3> |   10.963(R)|Clk_pin_BUFGP     |   0.000|
lcd_data<4> |   12.074(R)|Clk_pin_BUFGP     |   0.000|
lcd_data<5> |   11.334(R)|Clk_pin_BUFGP     |   0.000|
lcd_data<6> |   11.141(R)|Clk_pin_BUFGP     |   0.000|
lcd_data<7> |   10.658(R)|Clk_pin_BUFGP     |   0.000|
lcd_e       |   10.066(R)|Clk_pin_BUFGP     |   0.000|
lcd_rs      |   10.181(R)|Clk_pin_BUFGP     |   0.000|
lcd_rw      |    9.424(R)|Clk_pin_BUFGP     |   0.000|
leds_blue   |   11.916(R)|Clk_pin_BUFGP     |   0.000|
leds_green  |   12.395(R)|Clk_pin_BUFGP     |   0.000|
leds_red    |   12.294(R)|Clk_pin_BUFGP     |   0.000|
------------+------------+------------------+--------+

Clock to Setup on destination clock Clk_pin
---------------+---------+---------+---------+---------+
               | Src:Rise| Src:Fall| Src:Rise| Src:Fall|
Source Clock   |Dest:Rise|Dest:Rise|Dest:Fall|Dest:Fall|
---------------+---------+---------+---------+---------+
Clk_pin        |   11.874|         |         |         |
---------------+---------+---------+---------+---------+


Analysis completed Mon Jun 10 17:06:15 2024 
--------------------------------------------------------------------------------

Trace Settings:
-------------------------
Trace Settings 

Peak Memory Usage: 4572 MB



