--------------------------------------------------------------------------------
Release 14.1 Trace  (nt64)
Copyright (c) 1995-2012 Xilinx, Inc.  All rights reserved.

C:\software\electronica\xilinx\14.1\ISE_DS\ISE\bin\nt64\unwrapped\trce.exe -e 3
-xml system.twx system.ncd system.pcf

Design file:              system.ncd
Physical constraint file: system.pcf
Device,package,speed:     xc3s1000,ft256,-5 (PRODUCTION 1.39 2012-04-23)
Report level:             error report

Environment Variable      Effect 
--------------------      ------ 
NONE                      No environment variables were set
--------------------------------------------------------------------------------

INFO:Timing:2698 - No timing constraints found, doing default enumeration.
INFO:Timing:3412 - To improve timing, see the Timing Closure User Guide (UG612).
INFO:Timing:2752 - To get complete path coverage, use the unconstrained paths 
   option. All paths that are not constrained will be reported in the 
   unconstrained paths section(s) of the report.
INFO:Timing:3339 - The clock-to-out numbers in this timing report are based on 
   a 50 Ohm transmission line loading model.  For the details of this model, 
   and for more information on accounting for different loading conditions, 
   please see the device datasheet.
INFO:Timing:3390 - This architecture does not support a default System Jitter 
   value, please add SYSTEM_JITTER constraint to the UCF to modify the Clock 
   Uncertainty calculation.
INFO:Timing:3389 - This architecture does not support 'Discrete Jitter' and 
   'Phase Error' calculations, these terms will be zero in the Clock 
   Uncertainty calculation.  Please make appropriate modification to 
   SYSTEM_JITTER to account for the unsupported Discrete Jitter and Phase 
   Error.



Data Sheet report:
-----------------
All values displayed in nanoseconds (ns)

Setup/Hold to clock Clk_pin
------------+------------+------------+------------------+--------+
            |Max Setup to|Max Hold to |                  | Clock  |
Source      | clk (edge) | clk (edge) |Internal Clock(s) | Phase  |
------------+------------+------------+------------------+--------+
RX_pin      |    3.342(R)|   -1.221(R)|Clk_pin_BUFGP     |   0.000|
Rst_pin     |    5.109(R)|   -1.213(R)|Clk_pin_BUFGP     |   0.000|
------------+------------+------------+------------------+--------+

Clock Clk_pin to Pad
------------+------------+------------------+--------+
            | clk (edge) |                  | Clock  |
Destination |   to PAD   |Internal Clock(s) | Phase  |
------------+------------+------------------+--------+
TX_pin      |    6.523(R)|Clk_pin_BUFGP     |   0.000|
leds<0>     |   13.030(R)|Clk_pin_BUFGP     |   0.000|
leds<1>     |   12.245(R)|Clk_pin_BUFGP     |   0.000|
leds<2>     |   12.059(R)|Clk_pin_BUFGP     |   0.000|
leds<3>     |   11.471(R)|Clk_pin_BUFGP     |   0.000|
leds<4>     |   13.107(R)|Clk_pin_BUFGP     |   0.000|
leds<5>     |   12.478(R)|Clk_pin_BUFGP     |   0.000|
leds<6>     |   13.167(R)|Clk_pin_BUFGP     |   0.000|
leds<7>     |   13.629(R)|Clk_pin_BUFGP     |   0.000|
------------+------------+------------------+--------+

Clock to Setup on destination clock Clk_pin
---------------+---------+---------+---------+---------+
               | Src:Rise| Src:Fall| Src:Rise| Src:Fall|
Source Clock   |Dest:Rise|Dest:Rise|Dest:Fall|Dest:Fall|
---------------+---------+---------+---------+---------+
Clk_pin        |   10.179|         |         |         |
---------------+---------+---------+---------+---------+

Pad to Pad
---------------+---------------+---------+
Source Pad     |Destination Pad|  Delay  |
---------------+---------------+---------+
switches<0>    |leds<0>        |   13.658|
switches<0>    |leds<1>        |   12.302|
switches<0>    |leds<2>        |   12.302|
switches<0>    |leds<3>        |   11.849|
switches<0>    |leds<4>        |   13.037|
switches<0>    |leds<5>        |   12.840|
switches<0>    |leds<6>        |   14.067|
switches<0>    |leds<7>        |   13.964|
switches<1>    |leds<0>        |   12.558|
switches<1>    |leds<1>        |   11.019|
switches<1>    |leds<2>        |   11.132|
switches<1>    |leds<3>        |   11.476|
switches<1>    |leds<4>        |   12.754|
switches<1>    |leds<5>        |   12.626|
switches<1>    |leds<6>        |   13.045|
switches<1>    |leds<7>        |   13.528|
switches<7>    |leds<0>        |   12.466|
switches<7>    |leds<1>        |   11.446|
switches<7>    |leds<2>        |   11.912|
switches<7>    |leds<3>        |   11.171|
switches<7>    |leds<4>        |   12.762|
switches<7>    |leds<5>        |   12.384|
switches<7>    |leds<6>        |   13.345|
switches<7>    |leds<7>        |   13.972|
---------------+---------------+---------+


Analysis completed Wed Dec 20 15:01:15 2023 
--------------------------------------------------------------------------------

Trace Settings:
-------------------------
Trace Settings 

Peak Memory Usage: 4553 MB



