Release 14.1 - xst P.15xf (nt64)
Copyright (c) 1995-2012 Xilinx, Inc.  All rights reserved.
--> Parameter TMPDIR set to xst/projnav.tmp


Total REAL time to Xst completion: 0.00 secs
Total CPU time to Xst completion: 0.23 secs
 
--> Parameter xsthdpdir set to xst


Total REAL time to Xst completion: 0.00 secs
Total CPU time to Xst completion: 0.23 secs
 
--> Reading design: user_logic.prj

TABLE OF CONTENTS
  1) Synthesis Options Summary
  2) HDL Compilation
  3) Design Hierarchy Analysis
  4) HDL Analysis
  5) HDL Synthesis
     5.1) HDL Synthesis Report
  6) Advanced HDL Synthesis
     6.1) Advanced HDL Synthesis Report
  7) Low Level Synthesis
  8) Partition Report
  9) Final Report
	9.1) Device utilization summary
	9.2) Partition Resource Summary
	9.3) TIMING REPORT


=========================================================================
*                      Synthesis Options Summary                        *
=========================================================================
---- Source Parameters
Input File Name                    : "user_logic.prj"
Input Format                       : mixed
Ignore Synthesis Constraint File   : NO

---- Target Parameters
Output File Name                   : "user_logic"
Output Format                      : NGC
Target Device                      : xc3s1000-5-ft256

---- Source Options
Top Module Name                    : user_logic
Automatic FSM Extraction           : YES
FSM Encoding Algorithm             : Auto
Safe Implementation                : No
FSM Style                          : LUT
RAM Extraction                     : Yes
RAM Style                          : Auto
ROM Extraction                     : Yes
Mux Style                          : Auto
Decoder Extraction                 : YES
Priority Encoder Extraction        : Yes
Shift Register Extraction          : YES
Logical Shifter Extraction         : YES
XOR Collapsing                     : YES
ROM Style                          : Auto
Mux Extraction                     : Yes
Resource Sharing                   : YES
Asynchronous To Synchronous        : NO
Multiplier Style                   : Auto
Automatic Register Balancing       : No

---- Target Options
Add IO Buffers                     : YES
Global Maximum Fanout              : 100000
Add Generic Clock Buffer(BUFG)     : 8
Register Duplication               : YES
Slice Packing                      : YES
Optimize Instantiated Primitives   : NO
Use Clock Enable                   : Yes
Use Synchronous Set                : Yes
Use Synchronous Reset              : Yes
Pack IO Registers into IOBs        : Auto
Equivalent register Removal        : YES

---- General Options
Optimization Goal                  : Speed
Optimization Effort                : 1
Keep Hierarchy                     : No
Netlist Hierarchy                  : As_Optimized
RTL Output                         : Yes
Global Optimization                : AllClockNets
Read Cores                         : YES
Write Timing Constraints           : NO
Cross Clock Analysis               : NO
Hierarchy Separator                : /
Bus Delimiter                      : <>
Case Specifier                     : Maintain
Slice Utilization Ratio            : 100
BRAM Utilization Ratio             : 100
Verilog 2001                       : YES
Auto BRAM Packing                  : NO
Slice Utilization Ratio Delta      : 5

=========================================================================


=========================================================================
*                          HDL Compilation                              *
=========================================================================
Compiling vhdl file "C:/xilinEmpotrado/14.1/ISE_DS/EDK/hw/XilinxProcessorIPLib/pcores/proc_common_v3_00_a/hdl/vhdl/proc_common_pkg.vhd" in Library proc_common_v3_00_a.
Package <proc_common_pkg> compiled.
Package body <proc_common_pkg> compiled.
Compiling vhdl file "C:/Users/marti/OneDrive/Documentos/4/proyectFinal/SE/pcores/motor_v1_00_a/hdl/vhdl/user_logic.vhd" in Library motor_v1_00_a.
Entity <user_logic> compiled.
Entity <user_logic> (Architecture <IMP>) compiled.

=========================================================================
*                     Design Hierarchy Analysis                         *
=========================================================================
Analyzing hierarchy for entity <user_logic> in library <motor_v1_00_a> (architecture <IMP>) with generics.
	C_NUM_REG = 2
	C_SLV_DWIDTH = 32


=========================================================================
*                            HDL Analysis                               *
=========================================================================
Analyzing generic Entity <user_logic> in library <motor_v1_00_a> (Architecture <IMP>).
	C_NUM_REG = 2
	C_SLV_DWIDTH = 32
WARNING:Xst:37 - Detected unknown constraint/property "SIGIS". This constraint/property is not supported by the current software release and will be ignored.
WARNING:Xst:37 - Detected unknown constraint/property "SIGIS". This constraint/property is not supported by the current software release and will be ignored.
Entity <user_logic> analyzed. Unit <user_logic> generated.


=========================================================================
*                           HDL Synthesis                               *
=========================================================================

Performing bidirectional port resolution...

Synthesizing Unit <user_logic>.
    Related source file is "C:/Users/marti/OneDrive/Documentos/4/proyectFinal/SE/pcores/motor_v1_00_a/hdl/vhdl/user_logic.vhd".
    Found 32-bit 4-to-1 multiplexer for signal <slv_ip2bus_data>.
    Found 32-bit register for signal <slv_reg0>.
    Found 32-bit register for signal <slv_reg1>.
    Summary:
	inferred  64 D-type flip-flop(s).
	inferred  32 Multiplexer(s).
Unit <user_logic> synthesized.


=========================================================================
HDL Synthesis Report

Macro Statistics
# Registers                                            : 64
 1-bit register                                        : 64
# Multiplexers                                         : 1
 32-bit 4-to-1 multiplexer                             : 1

=========================================================================

=========================================================================
*                       Advanced HDL Synthesis                          *
=========================================================================


=========================================================================
Advanced HDL Synthesis Report

Macro Statistics
# Registers                                            : 64
 Flip-Flops                                            : 64
# Multiplexers                                         : 1
 32-bit 4-to-1 multiplexer                             : 1

=========================================================================

=========================================================================
*                         Low Level Synthesis                           *
=========================================================================

Optimizing unit <user_logic> ...

Mapping all equations...
Building and optimizing final netlist ...
Found area constraint ratio of 100 (+ 5) on block user_logic, actual ratio is 0.

Final Macro Processing ...

=========================================================================
Final Register Report

Macro Statistics
# Registers                                            : 64
 Flip-Flops                                            : 64

=========================================================================

=========================================================================
*                           Partition Report                            *
=========================================================================

Partition Implementation Status
-------------------------------

  No Partitions were found in this design.

-------------------------------

=========================================================================
*                            Final Report                               *
=========================================================================
Final Results
RTL Top Level Output File Name     : user_logic.ngr
Top Level Output File Name         : user_logic
Output Format                      : NGC
Optimization Goal                  : Speed
Keep Hierarchy                     : No

Design Statistics
# IOs                              : 77

Cell Usage :
# BELS                             : 43
#      GND                         : 1
#      LUT2                        : 2
#      LUT3                        : 8
#      LUT4                        : 32
# FlipFlops/Latches                : 64
#      FDRE                        : 64
# Clock Buffers                    : 1
#      BUFGP                       : 1
# IO Buffers                       : 76
#      IBUF                        : 41
#      OBUF                        : 35
=========================================================================

Device utilization summary:
---------------------------

Selected Device : 3s1000ft256-5 

 Number of Slices:                       37  out of   7680     0%  
 Number of Slice Flip Flops:             64  out of  15360     0%  
 Number of 4 input LUTs:                 42  out of  15360     0%  
 Number of IOs:                          77
 Number of bonded IOBs:                  77  out of    173    44%  
 Number of GCLKs:                         1  out of      8    12%  

---------------------------
Partition Resource Summary:
---------------------------

  No Partitions were found in this design.

---------------------------


=========================================================================
TIMING REPORT

NOTE: THESE TIMING NUMBERS ARE ONLY A SYNTHESIS ESTIMATE.
      FOR ACCURATE TIMING INFORMATION PLEASE REFER TO THE TRACE REPORT
      GENERATED AFTER PLACE-and-ROUTE.

Clock Information:
------------------
-----------------------------------+------------------------+-------+
Clock Signal                       | Clock buffer(FF name)  | Load  |
-----------------------------------+------------------------+-------+
Bus2IP_Clk                         | BUFGP                  | 64    |
-----------------------------------+------------------------+-------+

Asynchronous Control Signals Information:
----------------------------------------
No asynchronous control signals found in this design

Timing Summary:
---------------
Speed Grade: -5

   Minimum period: No path found
   Minimum input arrival time before clock: 3.889ns
   Maximum output required time after clock: 7.435ns
   Maximum combinational path delay: 8.659ns

Timing Detail:
--------------
All values displayed in nanoseconds (ns)

=========================================================================
Timing constraint: Default OFFSET IN BEFORE for Clock 'Bus2IP_Clk'
  Total number of paths / destination ports: 320 / 192
-------------------------------------------------------------------------
Offset:              3.889ns (Levels of Logic = 2)
  Source:            Bus2IP_WrCE<1> (PAD)
  Destination:       slv_reg1_29 (FF)
  Destination Clock: Bus2IP_Clk rising

  Data Path: Bus2IP_WrCE<1> to slv_reg1_29
                                Gate     Net
    Cell:in->out      fanout   Delay   Delay  Logical Name (Net Name)
    ----------------------------------------  ------------
     IBUF:I->O             9   0.715   1.250  Bus2IP_WrCE_1_IBUF (Bus2IP_WrCE_1_IBUF)
     LUT3:I0->O            8   0.479   0.921  slv_reg1_8_not00011 (slv_reg1_8_not0001)
     FDRE:CE                   0.524          slv_reg1_8
    ----------------------------------------
    Total                      3.889ns (1.718ns logic, 2.171ns route)
                                       (44.2% logic, 55.8% route)

=========================================================================
Timing constraint: Default OFFSET OUT AFTER for Clock 'Bus2IP_Clk'
  Total number of paths / destination ports: 64 / 32
-------------------------------------------------------------------------
Offset:              7.435ns (Levels of Logic = 2)
  Source:            slv_reg0_0 (FF)
  Destination:       IP2Bus_Data<0> (PAD)
  Source Clock:      Bus2IP_Clk rising

  Data Path: slv_reg0_0 to IP2Bus_Data<0>
                                Gate     Net
    Cell:in->out      fanout   Delay   Delay  Logical Name (Net Name)
    ----------------------------------------  ------------
     FDRE:C->Q             1   0.626   0.740  slv_reg0_0 (slv_reg0_0)
     LUT4:I2->O            1   0.479   0.681  IP2Bus_Data<0>1 (IP2Bus_Data_0_OBUF)
     OBUF:I->O                 4.909          IP2Bus_Data_0_OBUF (IP2Bus_Data<0>)
    ----------------------------------------
    Total                      7.435ns (6.014ns logic, 1.421ns route)
                                       (80.9% logic, 19.1% route)

=========================================================================
Timing constraint: Default path analysis
  Total number of paths / destination ports: 68 / 34
-------------------------------------------------------------------------
Delay:               8.659ns (Levels of Logic = 3)
  Source:            Bus2IP_RdCE<0> (PAD)
  Destination:       IP2Bus_RdAck (PAD)

  Data Path: Bus2IP_RdCE<0> to IP2Bus_RdAck
                                Gate     Net
    Cell:in->out      fanout   Delay   Delay  Logical Name (Net Name)
    ----------------------------------------  ------------
     IBUF:I->O            33   0.715   1.875  Bus2IP_RdCE_0_IBUF (Bus2IP_RdCE_0_IBUF)
     LUT2:I0->O            1   0.479   0.681  slv_read_ack1 (IP2Bus_RdAck_OBUF)
     OBUF:I->O                 4.909          IP2Bus_RdAck_OBUF (IP2Bus_RdAck)
    ----------------------------------------
    Total                      8.659ns (6.103ns logic, 2.556ns route)
                                       (70.5% logic, 29.5% route)

=========================================================================


Total REAL time to Xst completion: 7.00 secs
Total CPU time to Xst completion: 6.81 secs
 
--> 

Total memory usage is 4510028 kilobytes

Number of errors   :    0 (   0 filtered)
Number of warnings :    2 (   0 filtered)
Number of infos    :    0 (   0 filtered)

