--------------------------------------------------------------------------------
Release 14.1 Trace  (nt64)
Copyright (c) 1995-2012 Xilinx, Inc.  All rights reserved.

C:\software\electronica\xilinx\14.1\ISE_DS\ISE\bin\nt64\unwrapped\trce.exe -e 3
-xml system.twx system.ncd system.pcf

Design file:              system.ncd
Physical constraint file: system.pcf
Device,package,speed:     xc3s1000,ft256,-5 (PRODUCTION 1.39 2012-04-23)
Report level:             error report

Environment Variable      Effect 
--------------------      ------ 
NONE                      No environment variables were set
--------------------------------------------------------------------------------

INFO:Timing:2698 - No timing constraints found, doing default enumeration.
INFO:Timing:3412 - To improve timing, see the Timing Closure User Guide (UG612).
INFO:Timing:2752 - To get complete path coverage, use the unconstrained paths 
   option. All paths that are not constrained will be reported in the 
   unconstrained paths section(s) of the report.
INFO:Timing:3339 - The clock-to-out numbers in this timing report are based on 
   a 50 Ohm transmission line loading model.  For the details of this model, 
   and for more information on accounting for different loading conditions, 
   please see the device datasheet.
INFO:Timing:3390 - This architecture does not support a default System Jitter 
   value, please add SYSTEM_JITTER constraint to the UCF to modify the Clock 
   Uncertainty calculation.
INFO:Timing:3389 - This architecture does not support 'Discrete Jitter' and 
   'Phase Error' calculations, these terms will be zero in the Clock 
   Uncertainty calculation.  Please make appropriate modification to 
   SYSTEM_JITTER to account for the unsupported Discrete Jitter and Phase 
   Error.



Data Sheet report:
-----------------
All values displayed in nanoseconds (ns)

Setup/Hold to clock Clk_pin
------------+------------+------------+------------------+--------+
            |Max Setup to|Max Hold to |                  | Clock  |
Source      | clk (edge) | clk (edge) |Internal Clock(s) | Phase  |
------------+------------+------------+------------------+--------+
RX_pin      |    3.342(R)|   -1.221(R)|Clk_pin_BUFGP     |   0.000|
Rst_pin     |    3.527(R)|   -0.555(R)|Clk_pin_BUFGP     |   0.000|
leds<0>     |    1.149(R)|   -0.201(R)|Clk_pin_BUFGP     |   0.000|
leds<1>     |    0.833(R)|    0.063(R)|Clk_pin_BUFGP     |   0.000|
leds<2>     |    0.829(R)|    0.063(R)|Clk_pin_BUFGP     |   0.000|
leds<3>     |    1.258(R)|   -0.278(R)|Clk_pin_BUFGP     |   0.000|
leds<4>     |    0.893(R)|   -0.034(R)|Clk_pin_BUFGP     |   0.000|
leds<5>     |    1.179(R)|   -0.239(R)|Clk_pin_BUFGP     |   0.000|
leds<6>     |    0.882(R)|    0.004(R)|Clk_pin_BUFGP     |   0.000|
leds<7>     |    1.244(R)|   -0.278(R)|Clk_pin_BUFGP     |   0.000|
switches<0> |    2.739(R)|   -1.507(R)|Clk_pin_BUFGP     |   0.000|
switches<1> |    1.149(R)|   -0.201(R)|Clk_pin_BUFGP     |   0.000|
switches<2> |    1.209(R)|   -0.243(R)|Clk_pin_BUFGP     |   0.000|
switches<3> |    1.138(R)|   -0.182(R)|Clk_pin_BUFGP     |   0.000|
switches<4> |    1.162(R)|   -0.210(R)|Clk_pin_BUFGP     |   0.000|
switches<5> |    1.165(R)|   -0.223(R)|Clk_pin_BUFGP     |   0.000|
switches<6> |    0.858(R)|    0.031(R)|Clk_pin_BUFGP     |   0.000|
switches<7> |    1.688(R)|   -0.694(R)|Clk_pin_BUFGP     |   0.000|
------------+------------+------------+------------------+--------+

Clock Clk_pin to Pad
------------+------------+------------------+--------+
            | clk (edge) |                  | Clock  |
Destination |   to PAD   |Internal Clock(s) | Phase  |
------------+------------+------------------+--------+
TX_pin      |    6.534(R)|Clk_pin_BUFGP     |   0.000|
leds<0>     |    9.145(R)|Clk_pin_BUFGP     |   0.000|
leds<1>     |    9.163(R)|Clk_pin_BUFGP     |   0.000|
leds<2>     |    9.631(R)|Clk_pin_BUFGP     |   0.000|
leds<3>     |    9.685(R)|Clk_pin_BUFGP     |   0.000|
leds<4>     |    9.754(R)|Clk_pin_BUFGP     |   0.000|
leds<5>     |    9.180(R)|Clk_pin_BUFGP     |   0.000|
leds<6>     |    9.461(R)|Clk_pin_BUFGP     |   0.000|
leds<7>     |    9.645(R)|Clk_pin_BUFGP     |   0.000|
switches<0> |    9.130(R)|Clk_pin_BUFGP     |   0.000|
switches<1> |    9.570(R)|Clk_pin_BUFGP     |   0.000|
switches<2> |    9.936(R)|Clk_pin_BUFGP     |   0.000|
switches<3> |    9.840(R)|Clk_pin_BUFGP     |   0.000|
switches<4> |   10.819(R)|Clk_pin_BUFGP     |   0.000|
switches<5> |    9.470(R)|Clk_pin_BUFGP     |   0.000|
switches<6> |    9.529(R)|Clk_pin_BUFGP     |   0.000|
switches<7> |   10.092(R)|Clk_pin_BUFGP     |   0.000|
------------+------------+------------------+--------+

Clock to Setup on destination clock Clk_pin
---------------+---------+---------+---------+---------+
               | Src:Rise| Src:Fall| Src:Rise| Src:Fall|
Source Clock   |Dest:Rise|Dest:Rise|Dest:Fall|Dest:Fall|
---------------+---------+---------+---------+---------+
Clk_pin        |   10.537|         |         |         |
---------------+---------+---------+---------+---------+


Analysis completed Wed Dec 13 15:45:18 2023 
--------------------------------------------------------------------------------

Trace Settings:
-------------------------
Trace Settings 

Peak Memory Usage: 4553 MB



